{"level":"error","message":"Error name: Missing parameters"}
{"level":"error","message":"Error name: Product does not exist"}
{"level":"fatal","message":"Test de Logger - Level: 'fatal'"}
{"level":"error","message":"Test de Logger - Level: 'error'"}
{"level":"error","message":"Error name: undefined"}
{"level":"error","message":"Error name: undefined"}
{"level":"error","message":"Error name: undefined"}
{"level":"error","message":"Error name: undefined"}
{"level":"error","message":"Error name: undefined"}
{"level":"error","message":"Error name: undefined"}
{"level":"error","message":"Error name: undefined"}
{"level":"error","message":"Error name: undefined"}
{"level":"error","message":"Error name: Error"}
{"level":"error","message":"Error name: Error"}
{"level":"error","message":"Error name: Error"}
{"level":"error","message":"Error name: Error"}
{"level":"error","message":"Error name: Error"}
{"level":"error","message":"Error name: Error"}
{"level":"error","message":"Error name: Error"}
{"level":"error","message":"Error name: Error"}
{"level":"error","message":"Error name: Error"}
{"level":"error","message":"Error name: Error"}
{"level":"error","message":"Error name: Error"}
{"level":"error","message":"Error name: Error"}
{"level":"error","message":"Error name: Error"}
{"level":"error","message":"Error name: Error"}
{"level":"error","message":"Error name: Error"}
{"level":"error","message":"Error name: Error"}
{"level":"error","message":"Error name: Error"}
{"level":"error","message":"Error name: Error"}
{"level":"error","message":"Error name: Error"}
{"level":"error","message":"Error name: Product does not exist"}
{"level":"error","message":"Error name: Product does not exist"}
{"level":"error","message":"Error name: Product does not exist"}
{"level":"error","message":"Error name: Product does not exist"}
{"level":"error","message":"Error name: Product does not exist"}
{"level":"error","message":"Error name: Product does not exist"}
{"level":"error","message":"Error name: Product does not exist"}
{"level":"error","message":"Error name: Product does not exist"}
{"level":"error","message":"Error name: Product does not exist"}
{"level":"error","message":"Error name: Product does not exist"}
{"level":"error","message":"Error name: Product does not exist"}
{"level":"error","message":"Error name: Error"}
{"level":"error","message":"Error name: Error"}
{"level":"error","message":"Error name: Error"}
{"level":"error","message":"Error name: Error"}
{"level":"error","message":"Error name: Error"}
{"level":"error","message":"Error name: Error"}
{"level":"error","message":"Error name: Error"}
{"level":"error","message":"Error name: Error"}
{"level":"error","message":"Error name: Error"}
{"level":"error","message":"Error name: Error"}
